<?xml version="1.0" encoding="UTF-8"?>
<!-- Generated by org.testng.reporters.JUnitReportReporter -->
<testsuite hostname="Mohds-MacBook-Air.local" failures="0" tests="1" name="api.test.GetRequest" time="1.196" errors="0" timestamp="2024-12-14T14:47:28 IST" skipped="0">
  <testcase classname="api.test.GetRequest" name="getUsers" time="1.196"/>
  <system-out/>
</testsuite> <!-- api.test.GetRequest -->
