<?xml version="1.0" encoding="UTF-8"?>
<!-- Generated by org.testng.reporters.JUnitReportReporter -->
<testsuite hostname="Mohds-MacBook-Air.local" failures="0" tests="1" name="MethodCalls.QueryAndPathParameter" time="1.473" errors="0" timestamp="2024-12-15T18:26:09 IST" skipped="0">
  <testcase classname="MethodCalls.QueryAndPathParameter" name="HowtoPassQueryAndPathParameter" time="1.473"/>
  <system-out/>
</testsuite> <!-- MethodCalls.QueryAndPathParameter -->
