<?xml version="1.0" encoding="UTF-8"?>
<!-- Generated by org.testng.reporters.JUnitReportReporter -->
<testsuite hostname="Mohds-MacBook-Air.local" failures="0" tests="1" name="MethodCalls.HowtoCheckCookies" time="1.031" errors="0" timestamp="2024-12-15T18:57:38 IST" skipped="0">
  <testcase classname="MethodCalls.HowtoCheckCookies" name="cookies" time="1.031"/>
  <system-out/>
</testsuite> <!-- MethodCalls.HowtoCheckCookies -->
