<?xml version="1.0" encoding="UTF-8"?>
<!-- Generated by org.testng.reporters.JUnitReportReporter -->
<testsuite hostname="Mohds-MacBook-Air.local" failures="0" tests="1" name="MethodCalls.DiffWayToCreatePostRequestBody" time="2.297" errors="0" timestamp="2024-12-14T18:23:06 IST" skipped="0">
  <testcase classname="MethodCalls.DiffWayToCreatePostRequestBody" name="testPostUsingJsonFile" time="2.297"/>
  <system-out/>
</testsuite> <!-- MethodCalls.DiffWayToCreatePostRequestBody -->
