<?xml version="1.0" encoding="UTF-8"?>
<!-- Generated by org.testng.reporters.JUnitReportReporter -->
<testsuite hostname="Mohds-MacBook-Air.local" failures="0" tests="4" name="MethodCalls.PatchRequest" time="4.474" errors="0" timestamp="2024-12-14T16:22:49 IST" skipped="0">
  <testcase classname="MethodCalls.PatchRequest" name="getUsers" time="2.050"/>
  <system-out/>
  <testcase classname="MethodCalls.PatchRequest" name="createusers" time="1.184"/>
  <system-out/>
  <testcase classname="MethodCalls.PatchRequest" name="updateUser" time="0.477"/>
  <system-out/>
  <testcase classname="MethodCalls.PatchRequest" name="deleteUser" time="0.763"/>
  <system-out/>
</testsuite> <!-- MethodCalls.PatchRequest -->
