<?xml version="1.0" encoding="UTF-8"?>
<!-- Generated by org.testng.reporters.JUnitReportReporter -->
<testsuite hostname="Mohds-MacBook-Air.local" failures="0" tests="1" name="MethodCalls.HowtoCheckHeaders" time="0.960" errors="0" timestamp="2024-12-15T19:00:36 IST" skipped="0">
  <testcase classname="MethodCalls.HowtoCheckHeaders" name="cookies" time="0.960"/>
  <system-out/>
</testsuite> <!-- MethodCalls.HowtoCheckHeaders -->
