<?xml version="1.0" encoding="UTF-8"?>
<!-- Generated by org.testng.reporters.JUnitReportReporter -->
<testsuite hostname="Mohds-MacBook-Air.local" failures="0" tests="1" name="MethodCalls.PostRequest" time="2.058" errors="0" timestamp="2024-12-14T14:54:46 IST" skipped="0">
  <testcase classname="MethodCalls.PostRequest" name="createusers" time="2.058"/>
  <system-out/>
</testsuite> <!-- MethodCalls.PostRequest -->
