<?xml version="1.0" encoding="UTF-8"?>
<!-- Generated by org.testng.reporters.JUnitReportReporter -->
<testsuite hostname="Mohds-MacBook-Air.local" failures="0" tests="1" name="MethodCalls.ParsingJsonResponseData" time="1.580" errors="0" timestamp="2024-12-16T19:19:56 IST" skipped="0">
  <testcase classname="MethodCalls.ParsingJsonResponseData" name="testReponseUsingJsonObject" time="1.580"/>
  <system-out/>
</testsuite> <!-- MethodCalls.ParsingJsonResponseData -->
